e:\projects\cppdzproj\3sem\prac2\prac2\x64\debug\vc143.pdb
e:\projects\cppdzproj\3sem\prac2\prac2\x64\debug\vc143.idb
e:\projects\cppdzproj\3sem\prac2\prac2\x64\debug\prac2.obj
e:\projects\cppdzproj\3sem\prac2\x64\debug\prac2.pdb
e:\projects\cppdzproj\3sem\prac2\prac2\x64\debug\prac2.tlog\cl.command.1.tlog
e:\projects\cppdzproj\3sem\prac2\prac2\x64\debug\prac2.tlog\cl.read.1.tlog
e:\projects\cppdzproj\3sem\prac2\prac2\x64\debug\prac2.tlog\cl.write.1.tlog
e:\projects\cppdzproj\3sem\prac2\prac2\x64\debug\prac2.tlog\link-cvtres.read.1.tlog
e:\projects\cppdzproj\3sem\prac2\prac2\x64\debug\prac2.tlog\link-cvtres.write.1.tlog
e:\projects\cppdzproj\3sem\prac2\prac2\x64\debug\prac2.tlog\link-rc.read.1.tlog
e:\projects\cppdzproj\3sem\prac2\prac2\x64\debug\prac2.tlog\link-rc.write.1.tlog
e:\projects\cppdzproj\3sem\prac2\prac2\x64\debug\prac2.tlog\link.13200-cvtres.read.1.tlog
e:\projects\cppdzproj\3sem\prac2\prac2\x64\debug\prac2.tlog\link.13200-cvtres.write.1.tlog
e:\projects\cppdzproj\3sem\prac2\prac2\x64\debug\prac2.tlog\link.13200-rc.read.1.tlog
e:\projects\cppdzproj\3sem\prac2\prac2\x64\debug\prac2.tlog\link.13200-rc.write.1.tlog
e:\projects\cppdzproj\3sem\prac2\prac2\x64\debug\prac2.tlog\link.13200.read.1.tlog
e:\projects\cppdzproj\3sem\prac2\prac2\x64\debug\prac2.tlog\link.13200.read.2.tlog
e:\projects\cppdzproj\3sem\prac2\prac2\x64\debug\prac2.tlog\link.13200.write.1.tlog
e:\projects\cppdzproj\3sem\prac2\prac2\x64\debug\prac2.tlog\link.command.1.tlog
e:\projects\cppdzproj\3sem\prac2\prac2\x64\debug\prac2.tlog\link.read.1.tlog
e:\projects\cppdzproj\3sem\prac2\prac2\x64\debug\prac2.tlog\link.read.2.tlog
e:\projects\cppdzproj\3sem\prac2\prac2\x64\debug\prac2.tlog\link.write.1.tlog
